This is pdfTeX, Version 3.141592653-2.6-1.40.22 (TeX Live 2022/dev/Debian) (preloaded format=pdflatex 2023.4.13)  8 MAY 2023 01:52
entering extended mode
 restricted \write18 enabled.
 %&-line parsing enabled.
**learning.tex
(./learning.tex
LaTeX2e <2021-11-15> patch level 1
L3 programming layer <2022-01-21>
(/usr/share/texlive/texmf-dist/tex/latex/base/article.cls
Document Class: article 2021/10/04 v1.4n Standard LaTeX document class
(/usr/share/texlive/texmf-dist/tex/latex/base/size10.clo
File: size10.clo 2021/10/04 v1.4n Standard LaTeX file (size option)
)
\c@part=\count185
\c@section=\count186
\c@subsection=\count187
\c@subsubsection=\count188
\c@paragraph=\count189
\c@subparagraph=\count190
\c@figure=\count191
\c@table=\count192
\abovecaptionskip=\skip47
\belowcaptionskip=\skip48
\bibindent=\dimen138
)
(/usr/share/texlive/texmf-dist/tex/latex/fancyvrb/fancyvrb.sty
Package: fancyvrb 2021/12/21 4.1b verbatim text (tvz,hv)

(/usr/share/texlive/texmf-dist/tex/latex/graphics/keyval.sty
Package: keyval 2014/10/28 v1.15 key=value parser (DPC)
\KV@toks@=\toks16
)
\FV@CodeLineNo=\count193
\FV@InFile=\read2
\FV@TabBox=\box50
\c@FancyVerbLine=\count194
\FV@StepNumber=\count195
\FV@OutFile=\write3
)
(/usr/share/texlive/texmf-dist/tex/latex/amscls/amsthm.sty
Package: amsthm 2020/05/29 v2.20.6
\thm@style=\toks17
\thm@bodyfont=\toks18
\thm@headfont=\toks19
\thm@notefont=\toks20
\thm@headpunct=\toks21
\thm@preskip=\skip49
\thm@postskip=\skip50
\thm@headsep=\skip51
\dth@everypar=\toks22
)
\c@theorem=\count196

(/usr/share/texlive/texmf-dist/tex/latex/l3backend/l3backend-pdftex.def
File: l3backend-pdftex.def 2022-01-12 L3 backend support: PDF output (pdfTeX)
\l__color_backend_stack_int=\count197
\l__pdf_internal_box=\box51
)
(./learning.aux)
\openout1 = `learning.aux'.

LaTeX Font Info:    Checking defaults for OML/cmm/m/it on input line 7.
LaTeX Font Info:    ... okay on input line 7.
LaTeX Font Info:    Checking defaults for OMS/cmsy/m/n on input line 7.
LaTeX Font Info:    ... okay on input line 7.
LaTeX Font Info:    Checking defaults for OT1/cmr/m/n on input line 7.
LaTeX Font Info:    ... okay on input line 7.
LaTeX Font Info:    Checking defaults for T1/cmr/m/n on input line 7.
LaTeX Font Info:    ... okay on input line 7.
LaTeX Font Info:    Checking defaults for TS1/cmr/m/n on input line 7.
LaTeX Font Info:    ... okay on input line 7.
LaTeX Font Info:    Checking defaults for OMX/cmex/m/n on input line 7.
LaTeX Font Info:    ... okay on input line 7.
LaTeX Font Info:    Checking defaults for U/cmr/m/n on input line 7.
LaTeX Font Info:    ... okay on input line 7.
LaTeX Font Info:    External font `cmex10' loaded for size
(Font)              <12> on input line 8.
LaTeX Font Info:    External font `cmex10' loaded for size
(Font)              <8> on input line 8.
LaTeX Font Info:    External font `cmex10' loaded for size
(Font)              <6> on input line 8.
 (./learning.toc
LaTeX Font Info:    External font `cmex10' loaded for size
(Font)              <7> on input line 2.
LaTeX Font Info:    External font `cmex10' loaded for size
(Font)              <5> on input line 2.
)
\tf@toc=\write4
\openout4 = `learning.toc'.


Underfull \hbox (badness 10000) in paragraph at lines 14--40

 []


Underfull \hbox (badness 10000) in paragraph at lines 14--40

 []


Overfull \hbox (20.19958pt too wide) in paragraph at lines 14--40
\TS1/cmr/m/n/10 $\OT1/cmr/m/n/10 (CC) \TS1/cmr/m/n/10 $\OT1/cmr/m/n/10 (CFLAGS)
 -shared -Wl,-soname,\TS1/cmr/m/n/10 $\OT1/cmr/m/n/10 (SONAME) -o \TS1/cmr/m/n/
10 $\OT1/cmr/m/n/10 (SON-AME).\TS1/cmr/m/n/10 $\OT1/cmr/m/n/10 (VERSION)
 []


Underfull \hbox (badness 10000) in paragraph at lines 14--40

 []


Underfull \hbox (badness 10000) in paragraph at lines 14--40

 []


Underfull \hbox (badness 10000) in paragraph at lines 14--40

 []


Underfull \hbox (badness 10000) in paragraph at lines 14--40

 []

[1

{/var/lib/texmf/fonts/map/pdftex/updmap/pdftex.map}]
Overfull \hbox (59.29799pt too wide) in paragraph at lines 62--69
[]\OT1/cmr/m/n/10 Copy code \TS1/cmr/m/n/10 $\OT1/cmr/m/n/10 (SON-AME): \TS1/cm
r/m/n/10 $\OT1/cmr/m/n/10 (OBJS) \TS1/cmr/m/n/10 $\OT1/cmr/m/n/10 (CC) -shared 
-Wl,-soname,\TS1/cmr/m/n/10 $\OT1/cmr/m/n/10 (SONAME).\TS1/cmr/m/n/10 $\OT1/cmr
/m/n/10 (VERSION)
 []


Overfull \hbox (12.35347pt too wide) in paragraph at lines 83--85
[]\TS1/cmr/m/n/10 $\OT1/cmr/m/n/10 (SONAME): \TS1/cmr/m/n/10 $\OT1/cmr/m/n/10 (
OBJS) \TS1/cmr/m/n/10 $\OT1/cmr/m/n/10 (CC) -shared -Wl,-soname,\TS1/cmr/m/n/10
 $\OT1/cmr/m/n/10 (SONAME).\TS1/cmr/m/n/10 $\OT1/cmr/m/n/10 (VERSION)
 []

[2] [3] (./learning.aux) ) 
Here is how much of TeX's memory you used:
 997 strings out of 478287
 16781 string characters out of 5849289
 313581 words of memory out of 5000000
 19247 multiletter control sequences out of 15000+600000
 474195 words of font info for 44 fonts, out of 8000000 for 9000
 1141 hyphenation exceptions out of 8191
 40i,6n,48p,177b,191s stack positions out of 5000i,500n,10000p,200000b,80000s
{/usr/share/texmf/fonts/enc/dvips/cm-super/cm-super-t
s1.enc}</usr/share/texlive/texmf-dist/fonts/type1/public/amsfonts/cm/cmbx10.pfb
></usr/share/texlive/texmf-dist/fonts/type1/public/amsfonts/cm/cmbx12.pfb></usr
/share/texlive/texmf-dist/fonts/type1/public/amsfonts/cm/cmr10.pfb></usr/share/
texlive/texmf-dist/fonts/type1/public/amsfonts/cm/cmr12.pfb></usr/share/texlive
/texmf-dist/fonts/type1/public/amsfonts/cm/cmr17.pfb></usr/share/texlive/texmf-
dist/fonts/type1/public/amsfonts/cm/cmti10.pfb></usr/share/texmf/fonts/type1/pu
blic/cm-super/sfrm1000.pfb>
Output written on learning.pdf (3 pages, 94563 bytes).
PDF statistics:
 50 PDF objects out of 1000 (max. 8388607)
 30 compressed objects within 1 object stream
 0 named destinations out of 1000 (max. 500000)
 1 words of extra memory for PDF output out of 10000 (max. 10000000)

